<?xml version="1.0" encoding="UTF-8"?>
<!-- Generated by org.testng.reporters.JUnitReportReporter -->
<testsuite hostname="Srishti" name="com.pb.selenium.spider.testngTest1" tests="1" failures="0" timestamp="29 Oct 2016 15:10:59 GMT" time="37.992" errors="0">
  <testcase name="f" time="37.992" classname="com.pb.selenium.spider.testngTest1"/>
</testsuite> <!-- com.pb.selenium.spider.testngTest1 -->
