<?xml version="1.0" encoding="UTF-8"?>
<!-- Generated by org.testng.reporters.JUnitReportReporter -->
<testsuite hostname="Srishti" name="com.pb.selenium.spider.testngTest1" tests="1" failures="0" timestamp="26 Oct 2016 19:24:14 GMT" time="36.777" errors="0">
  <testcase name="f" time="36.777" classname="com.pb.selenium.spider.testngTest1"/>
</testsuite> <!-- com.pb.selenium.spider.testngTest1 -->
